20240103	21:43:37	1e1ffab1-6bd8-4405-8f42-1e2b320b4056	undefined: ETIMEOUT	querySrv	_mongodb._tcp.cluster0.j4vwb4o.mongodb.net
20240103	21:49:44	19741488-448d-421d-abbb-23bc5a272334	undefined: ETIMEOUT	querySrv	_mongodb._tcp.cluster0.j4vwb4o.mongodb.net
20240104	10:41:30	ea359645-51e1-482b-86be-7e03f03be098	undefined: ETIMEOUT	querySrv	_mongodb._tcp.cluster0.j4vwb4o.mongodb.net
20240104	20:17:48	1ded2158-592b-4629-ad53-b92a18a140fa	undefined: ETIMEOUT	querySrv	_mongodb._tcp.cluster0.j4vwb4o.mongodb.net
20240105	16:28:13	3f53a281-3523-4437-9cdc-802eccb5c8d2	undefined: ETIMEOUT	querySrv	_mongodb._tcp.cluster0.j4vwb4o.mongodb.net
20240105	16:29:49	6721109a-c231-4c2b-bb5c-0792a54ebf7d	undefined: ETIMEOUT	querySrv	_mongodb._tcp.cluster0.j4vwb4o.mongodb.net
20240105	16:31:17	ed897b13-9d07-4613-a82c-2c359a837590	undefined: ETIMEOUT	queryTxt	cluster0.j4vwb4o.mongodb.net
20240107	21:21:30	f5299046-9805-4425-bc55-d2338f21c94d	undefined: ECONNREFUSED	querySrv	_mongodb._tcp.cluster0.j4vwb4o.mongodb.net
20240108	09:52:04	0d6dbe1d-f2cb-4a70-905f-0981a6c634ee	undefined: ETIMEOUT	querySrv	_mongodb._tcp.cluster0.j4vwb4o.mongodb.net
20240108	14:56:45	2eb072f5-2f35-4627-83ce-37e5de6dc177	undefined: ETIMEOUT	querySrv	_mongodb._tcp.cluster0.j4vwb4o.mongodb.net
20240108	19:07:53	6cbe5dc1-7ee3-443e-812d-99c983ae4cc5	undefined: ETIMEOUT	querySrv	_mongodb._tcp.cluster0.j4vwb4o.mongodb.net
20240108	20:09:52	3ede4bfe-2a81-4567-9b3c-a375322d3b71	undefined: ETIMEOUT	querySrv	_mongodb._tcp.cluster0.j4vwb4o.mongodb.net
20240108	21:03:09	52bdf59f-6695-476d-8d9b-762ae1f27862	undefined: ETIMEOUT	querySrv	_mongodb._tcp.cluster0.j4vwb4o.mongodb.net
20240108	21:03:09	8eceb072-cc44-4c03-82eb-81545a302f27	undefined: ETIMEOUT	querySrv	_mongodb._tcp.cluster0.j4vwb4o.mongodb.net
20240108	21:09:49	b0728ea4-df4c-4af0-aeb8-0d3d6e2ae196	undefined: ETIMEOUT	querySrv	_mongodb._tcp.cluster0.j4vwb4o.mongodb.net
20240109	21:40:21	af89ea42-f8c0-49f8-b628-dcb7a6d139d3	undefined: undefined	undefined	undefined
20240110	09:46:00	c13a0ef4-263f-4828-be9d-1b42275e1216	undefined: undefined	undefined	undefined
20240110	09:47:38	74c8d475-0f71-4824-9aa3-666390c750fc	undefined: ETIMEOUT	querySrv	_mongodb._tcp.cluster0.j4vwb4o.mongodb.net
20240110	13:51:43	339be274-9514-48bd-8e61-c5ac85b7c6f2	undefined: ETIMEOUT	querySrv	_mongodb._tcp.cluster0.j4vwb4o.mongodb.net
20240111	20:16:57	2013e734-e91f-45c8-ac4f-1fa4b7d32fe7	undefined: ECONNREFUSED	querySrv	_mongodb._tcp.cluster0.j4vwb4o.mongodb.net
20240111	20:17:09	ec62762f-714b-444e-ac29-9e1995c3015e	undefined: ECONNREFUSED	querySrv	_mongodb._tcp.cluster0.j4vwb4o.mongodb.net
20240111	20:18:01	0a814600-f186-4723-a5ac-a4c9066b0fd2	undefined: ETIMEOUT	querySrv	_mongodb._tcp.cluster0.j4vwb4o.mongodb.net
20240113	18:11:50	36e5aaba-6232-4a37-a7f5-0c013e42287f	undefined: ETIMEOUT	querySrv	_mongodb._tcp.cluster0.j4vwb4o.mongodb.net
20240113	19:36:36	97beb8e7-b82e-4be9-9f0f-61221bba9022	undefined: ETIMEOUT	querySrv	_mongodb._tcp.cluster0.j4vwb4o.mongodb.net
20240113	22:18:12	3733ea35-390e-4d4d-8331-10551810b0fb	undefined: ETIMEOUT	querySrv	_mongodb._tcp.cluster0.j4vwb4o.mongodb.net
20240115	14:07:54	09bc1ba7-4e2c-467c-a9f2-d273510ae07c	undefined: ETIMEOUT	queryTxt	cluster0.j4vwb4o.mongodb.net
20240115	14:08:58	219b4647-a8a0-4568-ace5-04a8aafacc09	undefined: ETIMEOUT	queryTxt	cluster0.j4vwb4o.mongodb.net
20240115	14:11:09	5a06b521-add6-413c-83f3-c3382e29c68e	undefined: ETIMEOUT	queryTxt	cluster0.j4vwb4o.mongodb.net
20240115	14:13:08	effcb24b-3e4c-46f6-89b5-6cf326e57592	undefined: ETIMEOUT	queryTxt	cluster0.j4vwb4o.mongodb.net
20240115	14:14:37	648a179a-b0fd-4159-80c2-b8cd823a42e3	undefined: ETIMEOUT	queryTxt	cluster0.j4vwb4o.mongodb.net
20240115	14:18:02	32423307-3a7f-464f-8de6-d9cbabf7787d	undefined: ETIMEOUT	queryTxt	cluster0.j4vwb4o.mongodb.net
20240115	14:19:26	51d62e34-08d0-4830-b568-04caeabcbbea	undefined: ETIMEOUT	queryTxt	cluster0.j4vwb4o.mongodb.net
20240115	14:21:31	c7a0816b-4ba4-43a2-a5a6-cfc5fd7f06a1	undefined: ETIMEOUT	queryTxt	cluster0.j4vwb4o.mongodb.net
20240115	14:25:08	1b67497f-7950-4870-9020-2d4a3f41ca7a	undefined: ETIMEOUT	queryTxt	cluster0.j4vwb4o.mongodb.net
20240115	14:38:26	ab2cd5e2-71e7-4d67-9ef7-cc3ff6227019	undefined: ETIMEOUT	queryTxt	cluster0.j4vwb4o.mongodb.net
20240115	17:27:25	b8bf6f02-20a6-4670-b4e8-481abae9121a	undefined: ETIMEOUT	querySrv	_mongodb._tcp.cluster0.j4vwb4o.mongodb.net
20240116	17:28:59	1bf0912c-6d6e-4032-80c6-92cbad6deabe	undefined: undefined	undefined	undefined
